<?xml version="1.0" encoding="UTF-8"?>
<coverage generated="1737896335241" clover="3.2.0">
  <project timestamp="1737896335242" name="All files">
    <metrics statements="60" coveredstatements="32" conditionals="38" coveredconditionals="24" methods="6" coveredmethods="4" elements="104" coveredelements="60" complexity="0" loc="60" ncloc="60" packages="1" files="1" classes="1"/>
    <file name="helpers.ts" path="C:\Users\chris\projects\resourses\totem-tour\functions\src\helpers.ts">
      <metrics statements="60" coveredstatements="32" conditionals="38" coveredconditionals="24" methods="6" coveredmethods="4"/>
      <line num="5" count="1" type="stmt"/>
      <line num="18" count="1" type="stmt"/>
      <line num="35" count="1" type="stmt"/>
      <line num="36" count="0" type="stmt"/>
      <line num="37" count="0" type="stmt"/>
      <line num="38" count="0" type="stmt"/>
      <line num="40" count="0" type="stmt"/>
      <line num="42" count="0" type="cond" truecount="0" falsecount="2"/>
      <line num="43" count="0" type="cond" truecount="0" falsecount="2"/>
      <line num="44" count="0" type="cond" truecount="0" falsecount="2"/>
      <line num="45" count="0" type="stmt"/>
      <line num="46" count="0" type="cond" truecount="0" falsecount="2"/>
      <line num="47" count="0" type="stmt"/>
      <line num="49" count="0" type="stmt"/>
      <line num="53" count="3" type="stmt"/>
      <line num="55" count="1" type="stmt"/>
      <line num="57" count="1" type="stmt"/>
      <line num="58" count="11" type="stmt"/>
      <line num="59" count="11" type="stmt"/>
      <line num="60" count="11" type="cond" truecount="4" falsecount="0"/>
      <line num="61" count="4" type="stmt"/>
      <line num="63" count="7" type="cond" truecount="2" falsecount="0"/>
      <line num="64" count="1" type="stmt"/>
      <line num="66" count="6" type="cond" truecount="2" falsecount="0"/>
      <line num="67" count="1" type="stmt"/>
      <line num="69" count="5" type="cond" truecount="2" falsecount="0"/>
      <line num="70" count="1" type="stmt"/>
      <line num="72" count="4" type="cond" truecount="2" falsecount="0"/>
      <line num="73" count="1" type="stmt"/>
      <line num="75" count="3" type="cond" truecount="2" falsecount="0"/>
      <line num="76" count="1" type="stmt"/>
      <line num="78" count="2" type="cond" truecount="1" falsecount="0"/>
      <line num="79" count="1" type="stmt"/>
      <line num="81" count="1" type="stmt"/>
      <line num="84" count="1" type="stmt"/>
      <line num="85" count="0" type="stmt"/>
      <line num="86" count="0" type="stmt"/>
      <line num="87" count="0" type="cond" truecount="0" falsecount="2"/>
      <line num="88" count="0" type="stmt"/>
      <line num="89" count="0" type="stmt"/>
      <line num="90" count="0" type="stmt"/>
      <line num="93" count="0" type="stmt"/>
      <line num="95" count="0" type="cond" truecount="0" falsecount="2"/>
      <line num="96" count="0" type="stmt"/>
      <line num="99" count="0" type="stmt"/>
      <line num="101" count="0" type="cond" truecount="0" falsecount="1"/>
      <line num="102" count="0" type="stmt"/>
      <line num="104" count="0" type="stmt"/>
      <line num="105" count="0" type="stmt"/>
      <line num="109" count="0" type="stmt"/>
      <line num="110" count="0" type="stmt"/>
      <line num="113" count="1" type="stmt"/>
      <line num="114" count="41" type="cond" truecount="2" falsecount="0"/>
      <line num="115" count="41" type="cond" truecount="2" falsecount="0"/>
      <line num="116" count="41" type="cond" truecount="2" falsecount="0"/>
      <line num="118" count="41" type="cond" truecount="2" falsecount="0"/>
      <line num="119" count="23" type="stmt"/>
      <line num="120" count="18" type="cond" truecount="1" falsecount="1"/>
      <line num="121" count="18" type="stmt"/>
      <line num="123" count="0" type="stmt"/>
    </file>
  </project>
</coverage>
