{"C:\\Users\\chris\\projects\\resourses\\totem-tour\\functions\\src\\helpers.ts": {"path":"C:\\Users\\chris\\projects\\resourses\\totem-tour\\functions\\src\\helpers.ts","statementMap":{"0":{"start":{"line":4,"column":13},"end":{"line":15,"column":2}},"1":{"start":{"line":17,"column":13},"end":{"line":21,"column":2}},"2":{"start":{"line":23,"column":22},"end":{"line":39,"column":1}},"3":{"start":{"line":24,"column":17},"end":{"line":24,"column":38}},"4":{"start":{"line":25,"column":15},"end":{"line":25,"column":52}},"5":{"start":{"line":26,"column":16},"end":{"line":26,"column":53}},"6":{"start":{"line":28,"column":2},"end":{"line":28,"column":null}},"7":{"start":{"line":30,"column":2},"end":{"line":38,"column":4}},"8":{"start":{"line":31,"column":4},"end":{"line":31,"column":43}},"9":{"start":{"line":32,"column":9},"end":{"line":38,"column":4}},"10":{"start":{"line":33,"column":4},"end":{"line":33,"column":25}},"11":{"start":{"line":34,"column":9},"end":{"line":38,"column":4}},"12":{"start":{"line":35,"column":4},"end":{"line":35,"column":25}},"13":{"start":{"line":37,"column":4},"end":{"line":37,"column":17}},"14":{"start":{"line":41,"column":27},"end":{"line":62,"column":1}},"15":{"start":{"line":42,"column":19},"end":{"line":42,"column":40}},"16":{"start":{"line":43,"column":2},"end":{"line":60,"column":null}},"17":{"start":{"line":44,"column":4},"end":{"line":44,"column":16}},"18":{"start":{"line":46,"column":7},"end":{"line":60,"column":null}},"19":{"start":{"line":47,"column":4},"end":{"line":47,"column":16}},"20":{"start":{"line":49,"column":7},"end":{"line":60,"column":null}},"21":{"start":{"line":50,"column":4},"end":{"line":50,"column":15}},"22":{"start":{"line":52,"column":7},"end":{"line":60,"column":null}},"23":{"start":{"line":53,"column":4},"end":{"line":53,"column":15}},"24":{"start":{"line":55,"column":7},"end":{"line":60,"column":null}},"25":{"start":{"line":56,"column":4},"end":{"line":56,"column":16}},"26":{"start":{"line":58,"column":7},"end":{"line":60,"column":null}},"27":{"start":{"line":59,"column":4},"end":{"line":59,"column":16}},"28":{"start":{"line":61,"column":2},"end":{"line":61,"column":14}},"29":{"start":{"line":41,"column":13},"end":{"line":41,"column":27}},"30":{"start":{"line":64,"column":24},"end":{"line":90,"column":1}},"31":{"start":{"line":65,"column":2},"end":{"line":65,"column":null}},"32":{"start":{"line":66,"column":2},"end":{"line":88,"column":null}},"33":{"start":{"line":67,"column":4},"end":{"line":87,"column":null}},"34":{"start":{"line":68,"column":18},"end":{"line":68,"column":28}},"35":{"start":{"line":69,"column":22},"end":{"line":69,"column":43}},"36":{"start":{"line":70,"column":20},"end":{"line":70,"column":39}},"37":{"start":{"line":73,"column":6},"end":{"line":73,"column":60}},"38":{"start":{"line":75,"column":11},"end":{"line":87,"column":null}},"39":{"start":{"line":76,"column":20},"end":{"line":76,"column":30}},"40":{"start":{"line":79,"column":6},"end":{"line":79,"column":57}},"41":{"start":{"line":81,"column":11},"end":{"line":87,"column":null}},"42":{"start":{"line":82,"column":6},"end":{"line":82,"column":null}},"43":{"start":{"line":84,"column":6},"end":{"line":84,"column":null}},"44":{"start":{"line":85,"column":6},"end":{"line":85,"column":null}},"45":{"start":{"line":89,"column":2},"end":{"line":89,"column":23}},"46":{"start":{"line":64,"column":13},"end":{"line":64,"column":24}},"47":{"start":{"line":92,"column":27},"end":{"line":108,"column":1}},"48":{"start":{"line":93,"column":24},"end":{"line":93,"column":77}},"49":{"start":{"line":94,"column":22},"end":{"line":94,"column":47}},"50":{"start":{"line":95,"column":24},"end":{"line":95,"column":95}},"51":{"start":{"line":101,"column":2},"end":{"line":107,"column":null}},"52":{"start":{"line":102,"column":4},"end":{"line":102,"column":15}},"53":{"start":{"line":103,"column":9},"end":{"line":107,"column":null}},"54":{"start":{"line":104,"column":4},"end":{"line":104,"column":22}},"55":{"start":{"line":106,"column":4},"end":{"line":106,"column":13}},"56":{"start":{"line":92,"column":13},"end":{"line":92,"column":27}}},"fnMap":{"0":{"name":"(anonymous_0)","decl":{"start":{"line":23,"column":22},"end":{"line":23,"column":23}},"loc":{"start":{"line":23,"column":37},"end":{"line":39,"column":1}}},"1":{"name":"(anonymous_1)","decl":{"start":{"line":41,"column":27},"end":{"line":41,"column":28}},"loc":{"start":{"line":41,"column":42},"end":{"line":62,"column":1}}},"2":{"name":"(anonymous_2)","decl":{"start":{"line":64,"column":24},"end":{"line":64,"column":25}},"loc":{"start":{"line":64,"column":59},"end":{"line":90,"column":1}}},"3":{"name":"(anonymous_3)","decl":{"start":{"line":92,"column":27},"end":{"line":92,"column":28}},"loc":{"start":{"line":92,"column":66},"end":{"line":108,"column":1}}}},"branchMap":{"0":{"loc":{"start":{"line":30,"column":2},"end":{"line":38,"column":4}},"type":"if","locations":[{"start":{"line":30,"column":2},"end":{"line":38,"column":4}},{"start":{"line":32,"column":9},"end":{"line":38,"column":4}}]},"1":{"loc":{"start":{"line":31,"column":11},"end":{"line":31,"column":42}},"type":"cond-expr","locations":[{"start":{"line":31,"column":30},"end":{"line":31,"column":34}},{"start":{"line":31,"column":37},"end":{"line":31,"column":42}}]},"2":{"loc":{"start":{"line":32,"column":9},"end":{"line":38,"column":4}},"type":"if","locations":[{"start":{"line":32,"column":9},"end":{"line":38,"column":4}},{"start":{"line":34,"column":9},"end":{"line":38,"column":4}}]},"3":{"loc":{"start":{"line":34,"column":9},"end":{"line":38,"column":4}},"type":"if","locations":[{"start":{"line":34,"column":9},"end":{"line":38,"column":4}},{"start":{"line":36,"column":9},"end":{"line":38,"column":4}}]},"4":{"loc":{"start":{"line":43,"column":2},"end":{"line":60,"column":null}},"type":"if","locations":[{"start":{"line":43,"column":2},"end":{"line":60,"column":null}},{"start":{"line":46,"column":7},"end":{"line":60,"column":null}}]},"5":{"loc":{"start":{"line":46,"column":7},"end":{"line":60,"column":null}},"type":"if","locations":[{"start":{"line":46,"column":7},"end":{"line":60,"column":null}},{"start":{"line":49,"column":7},"end":{"line":60,"column":null}}]},"6":{"loc":{"start":{"line":49,"column":7},"end":{"line":60,"column":null}},"type":"if","locations":[{"start":{"line":49,"column":7},"end":{"line":60,"column":null}},{"start":{"line":52,"column":7},"end":{"line":60,"column":null}}]},"7":{"loc":{"start":{"line":52,"column":7},"end":{"line":60,"column":null}},"type":"if","locations":[{"start":{"line":52,"column":7},"end":{"line":60,"column":null}},{"start":{"line":55,"column":7},"end":{"line":60,"column":null}}]},"8":{"loc":{"start":{"line":55,"column":7},"end":{"line":60,"column":null}},"type":"if","locations":[{"start":{"line":55,"column":7},"end":{"line":60,"column":null}},{"start":{"line":58,"column":7},"end":{"line":60,"column":null}}]},"9":{"loc":{"start":{"line":58,"column":7},"end":{"line":60,"column":null}},"type":"if","locations":[{"start":{"line":58,"column":7},"end":{"line":60,"column":null}}]},"10":{"loc":{"start":{"line":67,"column":4},"end":{"line":87,"column":null}},"type":"if","locations":[{"start":{"line":67,"column":4},"end":{"line":87,"column":null}},{"start":{"line":75,"column":11},"end":{"line":87,"column":null}}]},"11":{"loc":{"start":{"line":75,"column":11},"end":{"line":87,"column":null}},"type":"if","locations":[{"start":{"line":75,"column":11},"end":{"line":87,"column":null}},{"start":{"line":81,"column":11},"end":{"line":87,"column":null}}]},"12":{"loc":{"start":{"line":81,"column":11},"end":{"line":87,"column":null}},"type":"if","locations":[{"start":{"line":81,"column":11},"end":{"line":87,"column":null}}]},"13":{"loc":{"start":{"line":93,"column":24},"end":{"line":93,"column":77}},"type":"cond-expr","locations":[{"start":{"line":93,"column":40},"end":{"line":93,"column":69}},{"start":{"line":93,"column":72},"end":{"line":93,"column":77}}]},"14":{"loc":{"start":{"line":94,"column":22},"end":{"line":94,"column":47}},"type":"cond-expr","locations":[{"start":{"line":94,"column":41},"end":{"line":94,"column":43}},{"start":{"line":94,"column":46},"end":{"line":94,"column":47}}]},"15":{"loc":{"start":{"line":95,"column":24},"end":{"line":95,"column":95}},"type":"cond-expr","locations":[{"start":{"line":95,"column":40},"end":{"line":95,"column":81}},{"start":{"line":95,"column":84},"end":{"line":95,"column":95}}]},"16":{"loc":{"start":{"line":101,"column":2},"end":{"line":107,"column":null}},"type":"if","locations":[{"start":{"line":101,"column":2},"end":{"line":107,"column":null}},{"start":{"line":103,"column":9},"end":{"line":107,"column":null}}]},"17":{"loc":{"start":{"line":103,"column":9},"end":{"line":107,"column":null}},"type":"if","locations":[{"start":{"line":103,"column":9},"end":{"line":107,"column":null}},{"start":{"line":105,"column":9},"end":{"line":107,"column":null}}]}},"s":{"0":1,"1":1,"2":1,"3":0,"4":0,"5":0,"6":0,"7":0,"8":0,"9":0,"10":0,"11":0,"12":0,"13":0,"14":1,"15":7,"16":7,"17":1,"18":6,"19":1,"20":5,"21":1,"22":4,"23":1,"24":3,"25":1,"26":2,"27":1,"28":1,"29":1,"30":1,"31":0,"32":0,"33":0,"34":0,"35":0,"36":0,"37":0,"38":0,"39":0,"40":0,"41":0,"42":0,"43":0,"44":0,"45":0,"46":1,"47":1,"48":0,"49":0,"50":0,"51":0,"52":0,"53":0,"54":0,"55":0,"56":1},"f":{"0":0,"1":7,"2":0,"3":0},"b":{"0":[0,0],"1":[0,0],"2":[0,0],"3":[0,0],"4":[1,6],"5":[1,5],"6":[1,4],"7":[1,3],"8":[1,2],"9":[1],"10":[0,0],"11":[0,0],"12":[0],"13":[0,0],"14":[0,0],"15":[0,0],"16":[0,0],"17":[0,0]}}
}
