{"C:\\Users\\chris\\projects\\resourses\\totem-tour\\functions\\src\\helpers.ts": {"path":"C:\\Users\\chris\\projects\\resourses\\totem-tour\\functions\\src\\helpers.ts","statementMap":{"0":{"start":{"line":5,"column":13},"end":{"line":16,"column":2}},"1":{"start":{"line":18,"column":13},"end":{"line":22,"column":2}},"2":{"start":{"line":35,"column":22},"end":{"line":51,"column":1}},"3":{"start":{"line":36,"column":17},"end":{"line":36,"column":38}},"4":{"start":{"line":37,"column":15},"end":{"line":37,"column":52}},"5":{"start":{"line":38,"column":16},"end":{"line":38,"column":53}},"6":{"start":{"line":40,"column":2},"end":{"line":40,"column":null}},"7":{"start":{"line":42,"column":2},"end":{"line":50,"column":4}},"8":{"start":{"line":43,"column":4},"end":{"line":43,"column":43}},"9":{"start":{"line":44,"column":9},"end":{"line":50,"column":4}},"10":{"start":{"line":45,"column":4},"end":{"line":45,"column":25}},"11":{"start":{"line":46,"column":9},"end":{"line":50,"column":4}},"12":{"start":{"line":47,"column":4},"end":{"line":47,"column":25}},"13":{"start":{"line":49,"column":4},"end":{"line":49,"column":17}},"14":{"start":{"line":53,"column":22},"end":{"line":53,"column":78}},"15":{"start":{"line":53,"column":54},"end":{"line":53,"column":78}},"16":{"start":{"line":53,"column":13},"end":{"line":53,"column":22}},"17":{"start":{"line":55,"column":24},"end":{"line":55,"column":111}},"18":{"start":{"line":55,"column":85},"end":{"line":55,"column":111}},"19":{"start":{"line":55,"column":13},"end":{"line":55,"column":24}},"20":{"start":{"line":57,"column":27},"end":{"line":82,"column":1}},"21":{"start":{"line":58,"column":19},"end":{"line":58,"column":43}},"22":{"start":{"line":59,"column":15},"end":{"line":59,"column":57}},"23":{"start":{"line":60,"column":2},"end":{"line":62,"column":null}},"24":{"start":{"line":61,"column":4},"end":{"line":61,"column":16}},"25":{"start":{"line":63,"column":2},"end":{"line":80,"column":null}},"26":{"start":{"line":64,"column":4},"end":{"line":64,"column":16}},"27":{"start":{"line":66,"column":7},"end":{"line":80,"column":null}},"28":{"start":{"line":67,"column":4},"end":{"line":67,"column":16}},"29":{"start":{"line":69,"column":7},"end":{"line":80,"column":null}},"30":{"start":{"line":70,"column":4},"end":{"line":70,"column":15}},"31":{"start":{"line":72,"column":7},"end":{"line":80,"column":null}},"32":{"start":{"line":73,"column":4},"end":{"line":73,"column":15}},"33":{"start":{"line":75,"column":7},"end":{"line":80,"column":null}},"34":{"start":{"line":76,"column":4},"end":{"line":76,"column":16}},"35":{"start":{"line":78,"column":7},"end":{"line":80,"column":null}},"36":{"start":{"line":79,"column":4},"end":{"line":79,"column":16}},"37":{"start":{"line":81,"column":2},"end":{"line":81,"column":14}},"38":{"start":{"line":57,"column":13},"end":{"line":57,"column":27}},"39":{"start":{"line":84,"column":24},"end":{"line":111,"column":1}},"40":{"start":{"line":85,"column":2},"end":{"line":85,"column":null}},"41":{"start":{"line":86,"column":2},"end":{"line":108,"column":null}},"42":{"start":{"line":87,"column":4},"end":{"line":107,"column":null}},"43":{"start":{"line":88,"column":18},"end":{"line":88,"column":28}},"44":{"start":{"line":89,"column":22},"end":{"line":89,"column":53}},"45":{"start":{"line":90,"column":20},"end":{"line":90,"column":49}},"46":{"start":{"line":93,"column":6},"end":{"line":93,"column":60}},"47":{"start":{"line":95,"column":11},"end":{"line":107,"column":null}},"48":{"start":{"line":96,"column":20},"end":{"line":96,"column":30}},"49":{"start":{"line":99,"column":6},"end":{"line":99,"column":57}},"50":{"start":{"line":101,"column":11},"end":{"line":107,"column":null}},"51":{"start":{"line":102,"column":6},"end":{"line":102,"column":null}},"52":{"start":{"line":104,"column":6},"end":{"line":104,"column":null}},"53":{"start":{"line":105,"column":6},"end":{"line":105,"column":null}},"54":{"start":{"line":109,"column":2},"end":{"line":109,"column":null}},"55":{"start":{"line":110,"column":2},"end":{"line":110,"column":23}},"56":{"start":{"line":84,"column":13},"end":{"line":84,"column":24}},"57":{"start":{"line":113,"column":27},"end":{"line":125,"column":1}},"58":{"start":{"line":114,"column":24},"end":{"line":114,"column":78}},"59":{"start":{"line":115,"column":22},"end":{"line":115,"column":47}},"60":{"start":{"line":116,"column":24},"end":{"line":116,"column":95}},"61":{"start":{"line":118,"column":2},"end":{"line":124,"column":4}},"62":{"start":{"line":119,"column":4},"end":{"line":119,"column":15}},"63":{"start":{"line":120,"column":9},"end":{"line":124,"column":4}},"64":{"start":{"line":121,"column":4},"end":{"line":121,"column":22}},"65":{"start":{"line":123,"column":4},"end":{"line":123,"column":13}},"66":{"start":{"line":113,"column":13},"end":{"line":113,"column":27}}},"fnMap":{"0":{"name":"(anonymous_0)","decl":{"start":{"line":35,"column":22},"end":{"line":35,"column":23}},"loc":{"start":{"line":35,"column":37},"end":{"line":51,"column":1}}},"1":{"name":"(anonymous_1)","decl":{"start":{"line":53,"column":22},"end":{"line":53,"column":23}},"loc":{"start":{"line":53,"column":54},"end":{"line":53,"column":78}}},"2":{"name":"(anonymous_2)","decl":{"start":{"line":55,"column":24},"end":{"line":55,"column":25}},"loc":{"start":{"line":55,"column":85},"end":{"line":55,"column":111}}},"3":{"name":"(anonymous_3)","decl":{"start":{"line":57,"column":27},"end":{"line":57,"column":28}},"loc":{"start":{"line":57,"column":50},"end":{"line":82,"column":1}}},"4":{"name":"(anonymous_4)","decl":{"start":{"line":84,"column":24},"end":{"line":84,"column":25}},"loc":{"start":{"line":84,"column":64},"end":{"line":111,"column":1}}},"5":{"name":"(anonymous_5)","decl":{"start":{"line":113,"column":27},"end":{"line":113,"column":28}},"loc":{"start":{"line":113,"column":71},"end":{"line":125,"column":1}}}},"branchMap":{"0":{"loc":{"start":{"line":42,"column":2},"end":{"line":50,"column":4}},"type":"if","locations":[{"start":{"line":42,"column":2},"end":{"line":50,"column":4}},{"start":{"line":44,"column":9},"end":{"line":50,"column":4}}]},"1":{"loc":{"start":{"line":43,"column":11},"end":{"line":43,"column":42}},"type":"cond-expr","locations":[{"start":{"line":43,"column":30},"end":{"line":43,"column":34}},{"start":{"line":43,"column":37},"end":{"line":43,"column":42}}]},"2":{"loc":{"start":{"line":44,"column":9},"end":{"line":50,"column":4}},"type":"if","locations":[{"start":{"line":44,"column":9},"end":{"line":50,"column":4}},{"start":{"line":46,"column":9},"end":{"line":50,"column":4}}]},"3":{"loc":{"start":{"line":46,"column":9},"end":{"line":50,"column":4}},"type":"if","locations":[{"start":{"line":46,"column":9},"end":{"line":50,"column":4}},{"start":{"line":48,"column":9},"end":{"line":50,"column":4}}]},"4":{"loc":{"start":{"line":60,"column":2},"end":{"line":62,"column":null}},"type":"if","locations":[{"start":{"line":60,"column":2},"end":{"line":62,"column":null}}]},"5":{"loc":{"start":{"line":60,"column":6},"end":{"line":60,"column":70}},"type":"binary-expr","locations":[{"start":{"line":60,"column":7},"end":{"line":60,"column":21}},{"start":{"line":60,"column":28},"end":{"line":60,"column":45}},{"start":{"line":60,"column":51},"end":{"line":60,"column":68}}]},"6":{"loc":{"start":{"line":63,"column":2},"end":{"line":80,"column":null}},"type":"if","locations":[{"start":{"line":63,"column":2},"end":{"line":80,"column":null}},{"start":{"line":66,"column":7},"end":{"line":80,"column":null}}]},"7":{"loc":{"start":{"line":66,"column":7},"end":{"line":80,"column":null}},"type":"if","locations":[{"start":{"line":66,"column":7},"end":{"line":80,"column":null}},{"start":{"line":69,"column":7},"end":{"line":80,"column":null}}]},"8":{"loc":{"start":{"line":69,"column":7},"end":{"line":80,"column":null}},"type":"if","locations":[{"start":{"line":69,"column":7},"end":{"line":80,"column":null}},{"start":{"line":72,"column":7},"end":{"line":80,"column":null}}]},"9":{"loc":{"start":{"line":72,"column":7},"end":{"line":80,"column":null}},"type":"if","locations":[{"start":{"line":72,"column":7},"end":{"line":80,"column":null}},{"start":{"line":75,"column":7},"end":{"line":80,"column":null}}]},"10":{"loc":{"start":{"line":75,"column":7},"end":{"line":80,"column":null}},"type":"if","locations":[{"start":{"line":75,"column":7},"end":{"line":80,"column":null}},{"start":{"line":78,"column":7},"end":{"line":80,"column":null}}]},"11":{"loc":{"start":{"line":78,"column":7},"end":{"line":80,"column":null}},"type":"if","locations":[{"start":{"line":78,"column":7},"end":{"line":80,"column":null}}]},"12":{"loc":{"start":{"line":87,"column":4},"end":{"line":107,"column":null}},"type":"if","locations":[{"start":{"line":87,"column":4},"end":{"line":107,"column":null}},{"start":{"line":95,"column":11},"end":{"line":107,"column":null}}]},"13":{"loc":{"start":{"line":95,"column":11},"end":{"line":107,"column":null}},"type":"if","locations":[{"start":{"line":95,"column":11},"end":{"line":107,"column":null}},{"start":{"line":101,"column":11},"end":{"line":107,"column":null}}]},"14":{"loc":{"start":{"line":101,"column":11},"end":{"line":107,"column":null}},"type":"if","locations":[{"start":{"line":101,"column":11},"end":{"line":107,"column":null}}]},"15":{"loc":{"start":{"line":114,"column":24},"end":{"line":114,"column":78}},"type":"cond-expr","locations":[{"start":{"line":114,"column":40},"end":{"line":114,"column":69}},{"start":{"line":114,"column":72},"end":{"line":114,"column":78}}]},"16":{"loc":{"start":{"line":115,"column":22},"end":{"line":115,"column":47}},"type":"cond-expr","locations":[{"start":{"line":115,"column":41},"end":{"line":115,"column":43}},{"start":{"line":115,"column":46},"end":{"line":115,"column":47}}]},"17":{"loc":{"start":{"line":116,"column":24},"end":{"line":116,"column":95}},"type":"cond-expr","locations":[{"start":{"line":116,"column":40},"end":{"line":116,"column":81}},{"start":{"line":116,"column":84},"end":{"line":116,"column":95}}]},"18":{"loc":{"start":{"line":118,"column":2},"end":{"line":124,"column":4}},"type":"if","locations":[{"start":{"line":118,"column":2},"end":{"line":124,"column":4}},{"start":{"line":120,"column":9},"end":{"line":124,"column":4}}]},"19":{"loc":{"start":{"line":120,"column":9},"end":{"line":124,"column":4}},"type":"if","locations":[{"start":{"line":120,"column":9},"end":{"line":124,"column":4}},{"start":{"line":122,"column":9},"end":{"line":124,"column":4}}]}},"s":{"0":1,"1":1,"2":1,"3":0,"4":0,"5":0,"6":0,"7":0,"8":0,"9":0,"10":0,"11":0,"12":0,"13":0,"14":1,"15":3,"16":1,"17":1,"18":1,"19":1,"20":1,"21":11,"22":11,"23":11,"24":4,"25":7,"26":1,"27":6,"28":1,"29":5,"30":1,"31":4,"32":1,"33":3,"34":1,"35":2,"36":1,"37":1,"38":1,"39":1,"40":0,"41":0,"42":0,"43":0,"44":0,"45":0,"46":0,"47":0,"48":0,"49":0,"50":0,"51":0,"52":0,"53":0,"54":0,"55":0,"56":1,"57":1,"58":41,"59":41,"60":41,"61":41,"62":23,"63":18,"64":18,"65":0,"66":1},"f":{"0":0,"1":3,"2":1,"3":11,"4":0,"5":41},"b":{"0":[0,0],"1":[0,0],"2":[0,0],"3":[0,0],"4":[4],"5":[11,6,5],"6":[1,6],"7":[1,5],"8":[1,4],"9":[1,3],"10":[1,2],"11":[1],"12":[0,0],"13":[0,0],"14":[0],"15":[37,4],"16":[16,25],"17":[37,4],"18":[23,18],"19":[18,0]}}
}
