TN:
SF:src\helpers.ts
FN:23,(anonymous_0)
FN:41,(anonymous_1)
FN:64,(anonymous_2)
FN:92,(anonymous_3)
FNF:4
FNH:1
FNDA:0,(anonymous_0)
FNDA:7,(anonymous_1)
FNDA:0,(anonymous_2)
FNDA:0,(anonymous_3)
DA:4,1
DA:17,1
DA:23,1
DA:24,0
DA:25,0
DA:26,0
DA:28,0
DA:30,0
DA:31,0
DA:32,0
DA:33,0
DA:34,0
DA:35,0
DA:37,0
DA:41,1
DA:42,7
DA:43,7
DA:44,1
DA:46,6
DA:47,1
DA:49,5
DA:50,1
DA:52,4
DA:53,1
DA:55,3
DA:56,1
DA:58,2
DA:59,1
DA:61,1
DA:64,1
DA:65,0
DA:66,0
DA:67,0
DA:68,0
DA:69,0
DA:70,0
DA:73,0
DA:75,0
DA:76,0
DA:79,0
DA:81,0
DA:82,0
DA:84,0
DA:85,0
DA:89,0
DA:92,1
DA:93,0
DA:94,0
DA:95,0
DA:101,0
DA:102,0
DA:103,0
DA:104,0
DA:106,0
LF:54
LH:20
BRDA:30,0,0,0
BRDA:30,0,1,0
BRDA:31,1,0,0
BRDA:31,1,1,0
BRDA:32,2,0,0
BRDA:32,2,1,0
BRDA:34,3,0,0
BRDA:34,3,1,0
BRDA:43,4,0,1
BRDA:43,4,1,6
BRDA:46,5,0,1
BRDA:46,5,1,5
BRDA:49,6,0,1
BRDA:49,6,1,4
BRDA:52,7,0,1
BRDA:52,7,1,3
BRDA:55,8,0,1
BRDA:55,8,1,2
BRDA:58,9,0,1
BRDA:67,10,0,0
BRDA:67,10,1,0
BRDA:75,11,0,0
BRDA:75,11,1,0
BRDA:81,12,0,0
BRDA:93,13,0,0
BRDA:93,13,1,0
BRDA:94,14,0,0
BRDA:94,14,1,0
BRDA:95,15,0,0
BRDA:95,15,1,0
BRDA:101,16,0,0
BRDA:101,16,1,0
BRDA:103,17,0,0
BRDA:103,17,1,0
BRF:34
BRH:11
end_of_record
