TN:
SF:src\helpers.ts
FN:35,(anonymous_0)
FN:53,(anonymous_1)
FN:55,(anonymous_2)
FN:57,(anonymous_3)
FN:84,(anonymous_4)
FN:113,(anonymous_5)
FNF:6
FNH:4
FNDA:0,(anonymous_0)
FNDA:3,(anonymous_1)
FNDA:1,(anonymous_2)
FNDA:11,(anonymous_3)
FNDA:0,(anonymous_4)
FNDA:41,(anonymous_5)
DA:5,1
DA:18,1
DA:35,1
DA:36,0
DA:37,0
DA:38,0
DA:40,0
DA:42,0
DA:43,0
DA:44,0
DA:45,0
DA:46,0
DA:47,0
DA:49,0
DA:53,3
DA:55,1
DA:57,1
DA:58,11
DA:59,11
DA:60,11
DA:61,4
DA:63,7
DA:64,1
DA:66,6
DA:67,1
DA:69,5
DA:70,1
DA:72,4
DA:73,1
DA:75,3
DA:76,1
DA:78,2
DA:79,1
DA:81,1
DA:84,1
DA:85,0
DA:86,0
DA:87,0
DA:88,0
DA:89,0
DA:90,0
DA:93,0
DA:95,0
DA:96,0
DA:99,0
DA:101,0
DA:102,0
DA:104,0
DA:105,0
DA:109,0
DA:110,0
DA:113,1
DA:114,41
DA:115,41
DA:116,41
DA:118,41
DA:119,23
DA:120,18
DA:121,18
DA:123,0
LF:60
LH:32
BRDA:42,0,0,0
BRDA:42,0,1,0
BRDA:43,1,0,0
BRDA:43,1,1,0
BRDA:44,2,0,0
BRDA:44,2,1,0
BRDA:46,3,0,0
BRDA:46,3,1,0
BRDA:60,4,0,4
BRDA:60,5,0,11
BRDA:60,5,1,6
BRDA:60,5,2,5
BRDA:63,6,0,1
BRDA:63,6,1,6
BRDA:66,7,0,1
BRDA:66,7,1,5
BRDA:69,8,0,1
BRDA:69,8,1,4
BRDA:72,9,0,1
BRDA:72,9,1,3
BRDA:75,10,0,1
BRDA:75,10,1,2
BRDA:78,11,0,1
BRDA:87,12,0,0
BRDA:87,12,1,0
BRDA:95,13,0,0
BRDA:95,13,1,0
BRDA:101,14,0,0
BRDA:114,15,0,37
BRDA:114,15,1,4
BRDA:115,16,0,16
BRDA:115,16,1,25
BRDA:116,17,0,37
BRDA:116,17,1,4
BRDA:118,18,0,23
BRDA:118,18,1,18
BRDA:120,19,0,18
BRDA:120,19,1,0
BRF:38
BRH:24
end_of_record
